<?xml version="1.0" encoding="UTF-8"?>
<testng-results ignored="0" total="1" passed="1" failed="0" skipped="0">
  <reporter-output>
  </reporter-output>
  <suite started-at="2024-12-17T23:37:54 IST" name="Default suite" finished-at="2024-12-17T23:37:56 IST" duration-ms="2073">
    <groups>
    </groups>
    <test started-at="2024-12-17T23:37:54 IST" name="Default test" finished-at="2024-12-17T23:37:56 IST" duration-ms="2073">
      <class name="test.ValidateTaskCompletionTest">
        <test-method signature="validateTaskCompletionForFanCodeCityUsers()[pri:0, instance:test.ValidateTaskCompletionTest@1d9b7cce]" started-at="2024-12-17T23:37:54 IST" name="validateTaskCompletionForFanCodeCityUsers" finished-at="2024-12-17T23:37:56 IST" duration-ms="2022" status="PASS">
          <reporter-output>
          </reporter-output>
        </test-method> <!-- validateTaskCompletionForFanCodeCityUsers -->
      </class> <!-- test.ValidateTaskCompletionTest -->
    </test> <!-- Default test -->
  </suite> <!-- Default suite -->
</testng-results>
